<?xml version="1.0" encoding="UTF-8"?>
<testsuite name="help.BancoTest" tests="7" skipped="0" failures="0" errors="0" timestamp="2023-10-04T20:12:30" hostname="LAPTOP-VIE9F9R5" time="0.249">
  <properties/>
  <testcase name="[1] 454566, A, Maximo a prestar 200000" classname="help.BancoTest" time="0.137"/>
  <testcase name="[2] 999999, B, Maximo a prestar 100000" classname="help.BancoTest" time="0.006"/>
  <testcase name="[3] 777777, C, No se puede prestar ningÃºn monto ALERTA!" classname="help.BancoTest" time="0.005"/>
  <testcase name="[4] 111111, D, ERROR - CategorÃ­a inexistente!" classname="help.BancoTest" time="0.018"/>
  <testcase name="[5] -111111, ERROR, ERROR - CategorÃ­a inexistente!" classname="help.BancoTest" time="0.017"/>
  <testcase name="[6] &quot;&quot;, &quot;&quot;, ERROR - CategorÃ­a inexistente!" classname="help.BancoTest" time="0.009"/>
  <testcase name="verifyNull()" classname="help.BancoTest" time="0.01"/>
  <system-out><![CDATA[]]></system-out>
  <system-err><![CDATA[]]></system-err>
</testsuite>
